[INFO] 02:16:54:72 BROKER-D/(6583:6583): Initializing Application...
[INFO] 02:16:54:74 BROKER-D/(6583:6583): Configuration values: 

	TAMANO_MEMORIA=2048
	TAMANO_MINIMO_PARTICION=32
	ALGORITMO_MEMORIA=BS
	ALGORITMO_REEMPLAZO=FIFO
	ALGORITMO_PARTICION_LIBRE=FF
	IP_BROKER=127.0.0.1
	PUERTO_BROKER=6009
	FRECUENCIA_COMPACTACION=3

[INFO] 02:16:54:76 BROKER-D/(6583:6583): Configuration and loggers loaded successfully.
[INFO] 02:16:54:77 BROKER-D/(6583:6583): Shutting down.
[INFO] 02:21:26:351 BROKER-D/(6968:6968): Initializing Application...
[INFO] 02:21:26:436 BROKER-D/(6968:6968): Configuration values: 

	TAMANO_MEMORIA=2048
	TAMANO_MINIMO_PARTICION=32
	ALGORITMO_MEMORIA=BS
	ALGORITMO_REEMPLAZO=FIFO
	ALGORITMO_PARTICION_LIBRE=FF
	IP_BROKER=127.0.0.1
	PUERTO_BROKER=6009
	FRECUENCIA_COMPACTACION=3

[INFO] 02:21:26:451 BROKER-D/(6968:6968): Configuration and loggers loaded successfully.
[INFO] 02:21:26:454 BROKER-D/(6968:6968): Shutting down.
[INFO] 02:25:26:658 BROKER-D/(7174:7174): Initializing Application...
[INFO] 02:25:26:659 BROKER-D/(7174:7174): Configuration values: 

	TAMANO_MEMORIA=2048
	TAMANO_MINIMO_PARTICION=32
	ALGORITMO_MEMORIA=BS
	ALGORITMO_REEMPLAZO=FIFO
	ALGORITMO_PARTICION_LIBRE=FF
	IP_BROKER=127.0.0.1
	PUERTO_BROKER=6009
	FRECUENCIA_COMPACTACION=3

[INFO] 02:25:26:659 BROKER-D/(7174:7174): Configuration and loggers loaded successfully.
[INFO] 02:25:26:659 BROKER-D/(7174:7174): Shutting down.
[INFO] 02:35:49:669 BROKER-D/(7794:7794): Initializing Application...
[INFO] 02:35:49:669 BROKER-D/(7794:7794): Configuration values: 

	TAMANO_MEMORIA=2048
	TAMANO_MINIMO_PARTICION=32
	ALGORITMO_MEMORIA=BS
	ALGORITMO_REEMPLAZO=FIFO
	ALGORITMO_PARTICION_LIBRE=FF
	IP_BROKER=127.0.0.1
	PUERTO_BROKER=6009
	FRECUENCIA_COMPACTACION=3

[INFO] 02:35:49:669 BROKER-D/(7794:7794): Configuration and loggers loaded successfully.
[INFO] 02:35:49:669 BROKER-D/(7794:7794): Shutting down.
