[INFO] 12:05:53:287 TEAM/(10960:10960): Obligatory Log was created successfully

[INFO] 12:05:54:394 TEAM/(10960:10966): Se conectó un proceso en el socket 6
[INFO] 12:05:54:401 TEAM/(10960:10971): Receiving Message Appeared pokemon by Broker.
[INFO] 12:05:54:401 TEAM/(10960:10971): Pokemon Appeared Pikachu: 
[INFO] 12:05:54:401 TEAM/(10960:10971): Position on x: 11
[INFO] 12:05:54:401 TEAM/(10960:10971): Position on y: 11
[INFO] 12:05:54:401 TEAM/(10960:10971): Entrenador 2, cambia de NEW a READY, porque es el más cercano para realizar la captura
[INFO] 12:05:54:401 TEAM/(10960:10971): Entrenador 2, cambia de READY a EXEC, porque es el siguiente a ejecutar
[INFO] 12:05:54:402 TEAM/(10960:10971): Entrenador 2 - Posicion actual: (10,10) - Posicion destino: (11,10)
[INFO] 12:05:54:411 TEAM/(10960:10966): Se conectó un proceso en el socket 7
[INFO] 12:05:54:415 TEAM/(10960:10973): Receiving Message Appeared pokemon by Broker.
[INFO] 12:05:54:415 TEAM/(10960:10973): Pokemon Appeared Charmander: 
[INFO] 12:05:54:415 TEAM/(10960:10973): Position on x: 1
[INFO] 12:05:54:416 TEAM/(10960:10973): Position on y: 1
[INFO] 12:05:54:416 TEAM/(10960:10973): Entrenador 1, cambia de NEW a READY, porque es el más cercano para realizar la captura
[INFO] 12:05:56:402 TEAM/(10960:10971): Entrenador 2 - Posicion actual: (11,10) - Posicion destino: (11,11)
[INFO] 12:05:58:403 TEAM/(10960:10971): Atrapar pokemon: Pikachu, en posicion: (11,11)
[INFO] 12:05:58:403 TEAM/(10960:10971): Falló conexión con broker, se ejecutará función por default de appeared
[INFO] 12:05:58:404 TEAM/(10960:10971): Entrenador 2, cambia de EXEC a BLOCKED, porque le falta capturar más pokemon
[INFO] 12:05:58:404 TEAM/(10960:10971): Entrenador 1, cambia de READY a EXEC, porque es el siguiente a ejecutar
[INFO] 12:05:58:404 TEAM/(10960:10971): Entrenador 1 - Posicion actual: (0,0) - Posicion destino: (1,0)
[INFO] 12:06:00:404 TEAM/(10960:10971): Entrenador 1 - Posicion actual: (1,0) - Posicion destino: (1,1)
[INFO] 12:06:02:407 TEAM/(10960:10971): Atrapar pokemon: Charmander, en posicion: (1,1)
[INFO] 12:06:02:408 TEAM/(10960:10971): Falló conexión con broker, se ejecutará función por default de appeared
[INFO] 12:06:02:408 TEAM/(10960:10971): Entrenador 1, cambia de EXEC a BLOCKED, porque le falta capturar más pokemon
